f2 dim10
F2Dim10
f2 dim10
F2Dim10
f2 dim10
F2Dim10
f2 dim10
F2Dim10
f2 dim10
F2Dim10
f2 dim10
F2Dim10
f2 dim10
F2Dim10
f2 dim10
F2Dim10
f2 dim10
F2Dim10
f2 dim10
F2Dim10
f2 dim10
F2Dim10
Segmentation fault (core dumped)
f2 dim10
F2Dim10
f2 dim10
F2Dim10
f2 dim10
F2Dim10
Segmentation fault (core dumped)
f2 dim10
F2Dim10
Segmentation fault (core dumped)
f2 dim10
F2Dim10
Segmentation fault (core dumped)
f2 dim10
F2Dim10
Segmentation fault (core dumped)
f2 dim10
F2Dim10
Segmentation fault (core dumped)
f2 dim10
F2Dim10
Segmentation fault (core dumped)
f2 dim10
F2Dim10
Segmentation fault (core dumped)
f2 dim10
F2Dim10
Segmentation fault (core dumped)
f2 dim10
F2Dim10
f2 dim10
F2Dim10
Segmentation fault (core dumped)
f2 dim10
F2Dim10
f2 dim10
F2Dim10
f2 dim10
F2Dim10
f2 dim10
F2Dim10
f2 dim10
F2Dim10
f2 dim10
F2Dim10
f2 dim10
F2Dim10
f2 dim10
F2Dim10
f2 dim10
F2Dim10
f2 dim10
F2Dim10
f2 dim10
F2Dim10
f2 dim10
F2Dim10
f2 dim10
F2Dim10
f2 dim10
F2Dim10
f2 dim10
F2Dim10
f2 dim10
F2Dim10
f2 dim10
F2Dim10
f2 dim10
F2Dim10
f2 dim10
F2Dim10
f2 dim10
F2Dim10
f2 dim10
F2Dim10
f2 dim10
F2Dim10
f2 dim10
F2Dim10
f2 dim10
F2Dim10
f2 dim10
F2Dim10
f2 dim10
F2Dim10
f2 dim10
F2Dim10
f2 dim10
F2Dim10
f2 dim10
F2Dim10
f2 dim10
F2Dim10
f2 dim10
F2Dim10
f2 dim10
F2Dim10
f2 dim10
F2Dim10
f2 dim10
F2Dim10
f2 dim10
F2Dim10
f2 dim10
F2Dim10
f2 dim10
F2Dim10
f2 dim10
F2Dim10
f2 dim10
F2Dim10
f2 dim10
F2Dim10
f2 dim10
F2Dim10
f2 dim10
F2Dim10
f2 dim10
F2Dim10
f2 dim10
F2Dim10
f2 dim10
F2Dim10
f2 dim10
F2Dim10
f2 dim10
F2Dim10
f2 dim10
F2Dim10
f2 dim10
F2Dim10
f2 dim10
F2Dim10
f2 dim10
F2Dim10
f2 dim10
F2Dim10
f2 dim10
F2Dim10
f2 dim10
F2Dim10
f2 dim10
F2Dim10
f2 dim10
F2Dim10
./ejecuta1: 13: ./ejecuta1: ./APP: not found
f2 dim10
F2Dim10
f2 dim10
F2Dim10
f2 dim10
F2Dim10
f2 dim10
F2Dim10
f2 dim10
F2Dim10
f2 dim10
F2Dim10
f2 dim10
F2Dim10
f1 dim10
F1Dim10
f2 dim10
F2Dim10
f2 dim10
F2Dim10
f2 dim10
F2Dim10
f2 dim10
F2Dim10
f2 dim10
F2Dim10
f2 dim10
F2Dim10
f2 dim10
F2Dim10
f2 dim10
F2Dim10
f2 dim10
F2Dim10
f2 dim10
F2Dim10
f2 dim10
F2Dim10
f2 dim10
F2Dim10
f2 dim10
F2Dim10
f2 dim10
F2Dim10
f2 dim10
F2Dim10
f2 dim10
F2Dim10
f2 dim10
F2Dim10
f2 dim10
F2Dim10
f2 dim10
F2Dim10
f2 dim10
F2Dim10
f2 dim10
F2Dim10
f2 dim10
F2Dim10
f2 dim10
F2Dim10
f2 dim10
F2Dim10
f2 dim10
F2Dim10
f2 dim10
F2Dim10
f2 dim10
F2Dim10
f2 dim10
F2Dim10
f2 dim10
F2Dim10
f2 dim10
F2Dim10
f2 dim10
F2Dim10
f2 dim10
F2Dim10
f2 dim10
F2Dim10
f2 dim10
F2Dim10
f2 dim10
F2Dim10
f2 dim10
F2Dim10
f2 dim10
F2Dim10
f2 dim10
F2Dim10
f2 dim100
F2Dim100
f2 dim100
F2Dim100
f1 dim100
F1Dim100
f1 dim100
F1Dim100
f1 dim100
F1Dim100
f1 dim100
F1Dim100
f1 dim100
F1Dim100
f1 dim100
F1Dim100
f1 dim100
F1Dim100
f1 dim100
F1Dim100
f1 dim100
F1Dim100
f1 dim100
F1Dim100
f1 dim100
F1Dim100
f1 dim100
F1Dim100
f1 dim100
F1Dim100
f1 dim100
F1Dim100
f1 dim100
F1Dim100
f1 dim100
F1Dim100
f1 dim100
F1Dim100
f1 dim100
F1Dim100
f1 dim100
F1Dim100
f1 dim100
F1Dim100
f1 dim100
F1Dim100
f1 dim100
F1Dim100
f1 dim100
F1Dim100
f1 dim100
F1Dim100
f1 dim100
F1Dim100
f3 dim100
F3Dim100
f3 dim100
F3Dim100
f3 dim100
F3Dim100
f3 dim100
F3Dim100
f3 dim100
F3Dim100
f3 dim100
F3Dim100
f2 dim100
F2Dim100
f2 dim100
F2Dim100
f2 dim100
F2Dim100
f2 dim100
F2Dim100
f2 dim100
F2Dim100
f2 dim100
F2Dim100
f2 dim100
F2Dim100
Segmentation fault (core dumped)
f2 dim100
F2Dim100
Segmentation fault (core dumped)
f2 dim100
F2Dim100
Segmentation fault (core dumped)
f2 dim100
F2Dim100
Segmentation fault (core dumped)
f2 dim100
F2Dim100
Segmentation fault (core dumped)
f2 dim100
F2Dim100
Segmentation fault (core dumped)
f2 dim100
F2Dim100
f2 dim100
F2Dim100
f2 dim100
F2Dim100
f2 dim100
F2Dim100
Segmentation fault (core dumped)
f2 dim100
F2Dim100
Segmentation fault (core dumped)
f2 dim100
F2Dim100
Segmentation fault (core dumped)
f2 dim100
F2Dim100
Segmentation fault (core dumped)
f2 dim100
F2Dim100
Segmentation fault (core dumped)
f2 dim100
F2Dim100
Segmentation fault (core dumped)
f2 dim100
F2Dim100
f2 dim100
F2Dim100
f2 dim100
F2Dim100
f2 dim100
F2Dim100
f2 dim100
F2Dim100
f2 dim100
F2Dim100
f2 dim100
F2Dim100
f2 dim100
F2Dim100
f2 dim100
F2Dim100
f2 dim100
F2Dim100
f2 dim1000
F2Dim1000
f2 dim1000
F2Dim1000
f2 dim1000
F2Dim1000
f2 dim1000
F2Dim1000
Terminated
Terminated
Terminated
Terminated
f2 dim1000
F2Dim1000
f2 dim1000
F2Dim1000
f2 dim1000
F2Dim1000
f2 dim1000
F2Dim1000
f2 dim1000
F2Dim1000
Terminated
f2 dim10
F2Dim10
f2 dim10
F2Dim10
f2 dim10
F2Dim10
f2 dim10
F2Dim10
f2 dim10
F2Dim10
f2 dim10
F2Dim10
f2 dim10
F2Dim10
f2 dim10
F2Dim10
f2 dim10
F2Dim10
f2 dim10
F2Dim10
f2 dim10
F2Dim10
f2 dim10
F2Dim10
f2 dim10
F2Dim10
f2 dim10
F2Dim10
f2 dim10
F2Dim10
f2 dim10
F2Dim10
f2 dim10
F2Dim10
f2 dim10
F2Dim10
f2 dim10
F2Dim10
f2 dim10
F2Dim10
f2 dim10
F2Dim10
f2 dim10
F2Dim10
f2 dim10
F2Dim10
f2 dim10
F2Dim10
f2 dim10
F2Dim10
f2 dim10000
F2Dim10000
Terminated
f2 dim10000
F2Dim10000
Terminated
f2 dim10
F2Dim10
f2 dim10
F2Dim10
f2 dim10
F2Dim10
f2 dim10
F2Dim10
f2 dim10
F2Dim10
f2 dim10
F2Dim10
f2 dim10
F2Dim10
f2 dim10
F2Dim10
f2 dim10
F2Dim10
f2 dim10
F2Dim10
f2 dim10
F2Dim10
f2 dim10
F2Dim10
f2 dim10
F2Dim10
f2 dim10
F2Dim10
f2 dim10
F2Dim10
f2 dim10
F2Dim10
f2 dim10
F2Dim10
f2 dim10
F2Dim10
f2 dim10
F2Dim10
f2 dim10
F2Dim10
f2 dim10
F2Dim10
f2 dim10
F2Dim10
f2 dim10
F2Dim10
f2 dim10
F2Dim10
f2 dim10
F2Dim10
f2 dim10
F2Dim10
f2 dim10
F2Dim10
f2 dim10
F2Dim10
f2 dim10
F2Dim10
f2 dim10
F2Dim10
f2 dim10
F2Dim10
f2 dim10
F2Dim10
f2 dim1000
F2Dim1000
f2 dim100
F2Dim100
f2 dim100
F2Dim100
f2 dim100
F2Dim100
f2 dim100
F2Dim100
f2 dim100
F2Dim100
f2 dim100
F2Dim100
f2 dim100
F2Dim100
f2 dim100
F2Dim100
f2 dim100
F2Dim100
f2 dim100
F2Dim100
f2 dim100
F2Dim100
f2 dim50
F2Dim50
f2 dim50
F2Dim50
f2 dim50
F2Dim50
f2 dim50
F2Dim50
f2 dim50
F2Dim50
f2 dim50
F2Dim50
f2 dim50
F2Dim50
f2 dim50
F2Dim50
f2 dim50
F2Dim50
f2 dim50
F2Dim50
f2 dim50
F2Dim50
f2 dim50
F2Dim50
f2 dim50
F2Dim50
f2 dim50
F2Dim50
f2 dim50
F2Dim50
f2 dim50
F2Dim50
f2 dim50
F2Dim50
f2 dim50
F2Dim50
f2 dim50
F2Dim50
f2 dim50
F2Dim50
f2 dim50
F2Dim50
f2 dim50
F2Dim50
f2 dim50
F2Dim50
f2 dim50
F2Dim50
f2 dim50
F2Dim50
f2 dim50
F2Dim50
f2 dim50
F2Dim50
f2 dim50
F2Dim50
f2 dim50
F2Dim50
f2 dim50
F2Dim50
f2 dim50
F2Dim50
f2 dim50
F2Dim50
f2 dim50
F2Dim50
f2 dim50
F2Dim50
f2 dim50
F2Dim50
f2 dim50
F2Dim50
f2 dim50
F2Dim50
f2 dim50
F2Dim50
f2 dim50
F2Dim50
f2 dim50
F2Dim50
f2 dim50
F2Dim50
f2 dim50
F2Dim50
f2 dim50
F2Dim50
f2 dim50
F2Dim50
f2 dim50
F2Dim50
f2 dim50
F2Dim50
f2 dim50
F2Dim50
f2 dim50
F2Dim50
f2 dim50
F2Dim50
f2 dim50
F2Dim50
f2 dim50
F2Dim50
f2 dim50
F2Dim50
f2 dim50
F2Dim50
f2 dim50
F2Dim50
f2 dim50
F2Dim50
f2 dim50
F2Dim50
f2 dim50
F2Dim50
f2 dim50
F2Dim50
f2 dim50
F2Dim50
f2 dim50
F2Dim50
f2 dim50
F2Dim50
f2 dim50
F2Dim50
f2 dim50
F2Dim50
f2 dim50
F2Dim50
f2 dim50
F2Dim50
f2 dim50
F2Dim50
f2 dim50
F2Dim50
f2 dim50
F2Dim50
f2 dim50
F2Dim50
f2 dim50
F2Dim50
f2 dim50
F2Dim50
f2 dim50
F2Dim50
f2 dim50
F2Dim50
f2 dim50
F2Dim50
f2 dim50
F2Dim50
f2 dim50
F2Dim50
f2 dim50
F2Dim50
f2 dim50
F2Dim50
f2 dim50
F2Dim50
f2 dim50
F2Dim50
f2 dim100
F2Dim100
f2 dim100
F2Dim100
f2 dim100
F2Dim100
f2 dim100
F2Dim100
f2 dim100
F2Dim100
f2 dim100
F2Dim100
f2 dim100
F2Dim100
f2 dim100
F2Dim100
f2 dim100
F2Dim100
f2 dim100
F2Dim100
f2 dim100
F2Dim100
f2 dim100
F2Dim100
f2 dim100
F2Dim100
f2 dim100
F2Dim100
f2 dim100
F2Dim100
f2 dim100
F2Dim100
f2 dim100
F2Dim100
f2 dim100
F2Dim100
f2 dim100
F2Dim100
f2 dim100
F2Dim100
f2 dim100
F2Dim100
f2 dim100
F2Dim100
f2 dim100
F2Dim100
f2 dim100
F2Dim100
f2 dim1000
F2Dim1000
f2 dim100
F2Dim100
f2 dim100
F2Dim100
f2 dim100
F2Dim100
f2 dim100
F2Dim100
f2 dim100
F2Dim100
f2 dim100
F2Dim100
f2 dim100
F2Dim100
f2 dim100
F2Dim100
f2 dim10
F2Dim10
f2 dim10
F2Dim10
f2 dim10
F2Dim10
f2 dim10
F2Dim10
f2 dim10
F2Dim10
f2 dim10
F2Dim10
f2 dim10
F2Dim10
f2 dim10
F2Dim10
f2 dim5
F2Dim5
f1 dim5
F1Dim5
f1 dim100
F1Dim100
f2 dim100
F2Dim100
f2 dim100
F2Dim100
f2 dim10
F2Dim10
f2 dim10
F2Dim10
f2 dim10
F2Dim10
f2 dim5
F2Dim5
f1 dim5
F1Dim5
